+ intype=full
+ full=full
+ pwd
/home/openstack/openstack-queens-installer/OPSInstaller/installer
+ echo 'copy installer to nodes.. press'
copy installer to nodes.. press
+ scp OPSInstaller.tar openstack@controller:/home/openstack/OPSInstaller.tar
+ scp OPSInstaller.tar openstack@network:/home/openstack/OPSInstaller.tar
+ scp OPSInstaller.tar openstack@compute:/home/openstack/OPSInstaller.tar
+ '[' full == full ']'
+ scp OPSInstaller.tar openstack@compute1:/home/openstack/OPSInstaller.tar
+ echo 'remove existing OPSInstaller on controller node'
remove existing OPSInstaller on controller node
+ tee log/extract-controller-current.log
+ ssh openstack@controller rm -rf /home/openstack/OPSInstaller
+ echo 'remove existing OPSInstaller on network node'
remove existing OPSInstaller on network node
+ ssh openstack@network rm -rf /home/openstack/OPSInstaller
+ tee log/extract-network-current.log
+ echo 'remove existing OPSInstaller on compute node'
remove existing OPSInstaller on compute node
+ tee log/extract-compute-current.log
+ ssh openstack@compute rm -rf /home/openstack/OPSInstaller
+ '[' full == full ']'
+ echo 'remove existing OPSInstaller on compute1 node'
remove existing OPSInstaller on compute1 node
+ ssh openstack@compute1 rm -rf /home/openstack/OPSInstaller
+ tee log/extract-compute-current.log
+ echo 'extract installer files on controller.. press'
extract installer files on controller.. press
+ ssh openstack@controller tar xvf /home/openstack/OPSInstaller.tar
+ tee log/extract-controller-current.log
OPSInstaller/
OPSInstaller/compute/
OPSInstaller/compute/admintools/
OPSInstaller/compute/admintools/admin-restart-nova-compute-neutron.sh
OPSInstaller/compute/admintools/admin-restart-nova-compute.sh
OPSInstaller/compute/admintools/btrfs-defrag.sh
OPSInstaller/compute/admintools/btrfs-delete.sh
OPSInstaller/compute/admintools/btrfs-list.sh
OPSInstaller/compute/admintools/btrfs-snap.sh
OPSInstaller/compute/admintools/btrfs-clean-bad.sh
OPSInstaller/compute/admintools/btrfs-restore.sh
OPSInstaller/compute/admintools/btrfs-snapshot.sh
OPSInstaller/compute/admintools/btrfs-delete-all-snapshots.sh
OPSInstaller/compute/admintools/btrfs-restore-original.sh
OPSInstaller/compute/files/
OPSInstaller/compute/files/adjustsudoer.sh
OPSInstaller/compute/files/chrony.conf
OPSInstaller/compute/files/dhcp_agent.ini
OPSInstaller/compute/files/hosts
OPSInstaller/compute/files/interfaces
OPSInstaller/compute/files/l3_agent_stage33.ini
OPSInstaller/compute/files/local-sources.list
OPSInstaller/compute/files/metadata_agent.ini
OPSInstaller/compute/files/ml2_conf.ini
OPSInstaller/compute/files/neutron.conf
OPSInstaller/compute/files/nova-compute.conf
OPSInstaller/compute/files/nova.conf
OPSInstaller/compute/files/nova-stage29.conf
OPSInstaller/compute/files/openvswitch_agent.ini
OPSInstaller/compute/files/openvswitch_agent_stage33.ini
OPSInstaller/compute/files/sudoers.save
OPSInstaller/compute/clearlog.sh
OPSInstaller/compute/exe-stage00-SUDO-update.sh
OPSInstaller/compute/exe-stage03-SUDO-compute-preinstall.sh
OPSInstaller/compute/exe-stage06-SUDO-compute-mysql.sh
OPSInstaller/compute/exe-stage19-SUDO-nova-compute.sh
OPSInstaller/compute/exe-stage29-SUDO-compute-neutron.sh
OPSInstaller/compute/exe-stage33-SUDO-dvr-compute-conf.sh
OPSInstaller/compute/exe-stageFIN-SUDO-postinstall.sh
OPSInstaller/compute1/
OPSInstaller/compute1/Temp/
OPSInstaller/compute1/Temp/OPENSTACK-COMPUTE-INSTALLER.sh
OPSInstaller/compute1/admintools/
OPSInstaller/compute1/admintools/admin-restart-nova-compute-neutron.sh
OPSInstaller/compute1/admintools/admin-restart-nova-compute.sh
OPSInstaller/compute1/admintools/btrfs-defrag.sh
OPSInstaller/compute1/admintools/btrfs-delete.sh
OPSInstaller/compute1/admintools/btrfs-list.sh
OPSInstaller/compute1/admintools/btrfs-snap.sh
OPSInstaller/compute1/admintools/btrfs-clean-bad.sh
OPSInstaller/compute1/admintools/btrfs-restore.sh
OPSInstaller/compute1/admintools/btrfs-snapshot.sh
OPSInstaller/compute1/admintools/btrfs-delete-all-snapshots.sh
OPSInstaller/compute1/admintools/btrfs-restore-original.sh
OPSInstaller/compute1/files/
OPSInstaller/compute1/files/adjustsudoer.sh
OPSInstaller/compute1/files/chrony.conf
OPSInstaller/compute1/files/dhcp_agent.ini
OPSInstaller/compute1/files/hosts
OPSInstaller/compute1/files/interfaces
OPSInstaller/compute1/files/l3_agent_stage34.ini
OPSInstaller/compute1/files/local-sources.list
OPSInstaller/compute1/files/metadata_agent.ini
OPSInstaller/compute1/files/ml2_conf.ini
OPSInstaller/compute1/files/neutron.conf
OPSInstaller/compute1/files/nova-compute.conf
OPSInstaller/compute1/files/nova.conf
OPSInstaller/compute1/files/nova-stage29.conf
OPSInstaller/compute1/files/openvswitch_agent.ini
OPSInstaller/compute1/files/openvswitch_agent_stage34.ini
OPSInstaller/compute1/files/sudoers.save
OPSInstaller/compute1/clearlog.sh
OPSInstaller/compute1/exe-stage00-SUDO-update.sh
OPSInstaller/compute1/exe-stage03-SUDO-compute-preinstall.sh
OPSInstaller/compute1/exe-stage06-SUDO-compute-mysql.sh
OPSInstaller/compute1/exe-stage19-SUDO-nova-compute.sh
OPSInstaller/compute1/exe-stage29-SUDO-compute-neutron.sh
OPSInstaller/compute1/exe-stage34-SUDO-dvr-compute1-conf.sh
OPSInstaller/compute1/exe-stageFIN-SUDO-postinstall.sh
OPSInstaller/controller/
OPSInstaller/controller/admintools/
OPSInstaller/controller/admintools/admin-restart-glance.sh
OPSInstaller/controller/admintools/admin-restart-horizon-apache.sh
OPSInstaller/controller/admintools/admin-restart-keystone-apache.sh
OPSInstaller/controller/admintools/admin-restart-neutron-controller.sh
OPSInstaller/controller/admintools/admin-restart-nova-controller.sh
OPSInstaller/controller/admintools/btrfs-list.sh
OPSInstaller/controller/admintools/btrfs-delete.sh
OPSInstaller/controller/admintools/btrfs-defrag.sh
OPSInstaller/controller/admintools/btrfs-clean-bad.sh
OPSInstaller/controller/admintools/btrfs-snapshot.sh
OPSInstaller/controller/admintools/btrfs-restore.sh
OPSInstaller/controller/admintools/btrfs-restore-original.sh
OPSInstaller/controller/admintools/btrfs-delete-all-snapshots.sh
OPSInstaller/controller/files/
OPSInstaller/controller/files/99-openstack.cnf
OPSInstaller/controller/files/adjustsudoer.sh
OPSInstaller/controller/files/apache2.conf
OPSInstaller/controller/files/chrony.conf
OPSInstaller/controller/files/etcd.conf.yml
OPSInstaller/controller/files/etcd.service
OPSInstaller/controller/files/glance-api.conf
OPSInstaller/controller/files/glance-registry.conf
OPSInstaller/controller/files/hosts
OPSInstaller/controller/files/interfaces
OPSInstaller/controller/files/keystone.conf
OPSInstaller/controller/files/local_settings.py
OPSInstaller/controller/files/local-sources.list
OPSInstaller/controller/files/memcached.conf
OPSInstaller/controller/files/ml2_conf.ini
OPSInstaller/controller/files/neutron.conf
OPSInstaller/controller/files/neutron_stage31.conf
OPSInstaller/controller/files/nova.conf
OPSInstaller/controller/files/nova-stage23.conf
OPSInstaller/controller/files/ntp.conf
OPSInstaller/controller/files/openstack-dashboard.conf
OPSInstaller/controller/files/sudoers.save
OPSInstaller/controller/admin-openrc.sh
OPSInstaller/controller/clearlog.sh
OPSInstaller/controller/demo-openrc.sh
OPSInstaller/controller/exe-stage00-SUDO-update.sh
OPSInstaller/controller/exe-stage01-SUDO-preinstall.sh
OPSInstaller/controller/exe-stage04-SUDO-mysql.sh
OPSInstaller/controller/exe-stage07-SUDO-rabbit.sh
OPSInstaller/controller/exe-stage08-SUDO-keystone-database.sh
OPSInstaller/controller/exe-stage09-SUDO-keystone.sh
OPSInstaller/controller/exe-stage10-USER-service-endpoints.sh
OPSInstaller/controller/exe-stage11-USER-test-envscript.sh
OPSInstaller/controller/exe-stage12-SUDO-glance-database.sh
OPSInstaller/controller/exe-stage13-USER-glance-endpoints.sh
OPSInstaller/controller/exe-stage14-SUDO-glance.sh
OPSInstaller/controller/exe-stage15-USER-verify-glance.sh
OPSInstaller/controller/exe-stage16-SUDO-nova-database.sh
OPSInstaller/controller/exe-stage17-USER-nova-endpoints.sh
OPSInstaller/controller/exe-stage18-SUDO-nova.sh
OPSInstaller/controller/exe-stage20-0-USER-verify-nova-compute.sh
OPSInstaller/controller/exe-stage20-1-USER-verify-nova-compute1.sh
OPSInstaller/controller/exe-stage20-2-USER-verify-nova.sh
OPSInstaller/controller/exe-stage21-SUDO-neutron-database.sh
OPSInstaller/controller/exe-stage22-USER-neutron-endpoints.sh
OPSInstaller/controller/exe-stage23-SUDO-neutron.sh
OPSInstaller/controller/exe-stage24-USER-verify-neutron.sh
OPSInstaller/controller/exe-stage26-SUDO-reconfig-neutron-nova.sh
OPSInstaller/controller/exe-stage28-USER-verify-neutron2.sh
OPSInstaller/controller/exe-stage30-USER-verify-neutron3.sh
OPSInstaller/controller/exe-stage31-SUDO-dvr-controller-conf.sh
OPSInstaller/controller/exe-stage35-USER-verify-dvr-network.sh
OPSInstaller/controller/exe-stage36-USER-initial-network.sh
OPSInstaller/controller/exe-stage37-SUDO-horizon.sh
OPSInstaller/controller/exe-stageFIN-SUDO-postinstall.sh
OPSInstaller/installer/
OPSInstaller/installer/files/
OPSInstaller/installer/files/adjustsudoer.sh
OPSInstaller/installer/files/hosts
OPSInstaller/installer/files/local-sources.list
OPSInstaller/installer/log/
OPSInstaller/installer/batch-installer-00-set-sudoer.sh
OPSInstaller/installer/batch-installer-dvr-neutron-part1.sh
OPSInstaller/installer/batch-installer-dvr-neutron-part2.sh
OPSInstaller/installer/batch-installer-ovs-neutron-part1.sh
OPSInstaller/installer/batch-installer-ovs-neutron-part2.sh
OPSInstaller/installer/clearlog.sh
OPSInstaller/installer/exe-preinstall00-SUDO-update.sh
OPSInstaller/installer/exe-preinstall01-USER-set-remote-access.sh
OPSInstaller/installer/exe-preinstall02-USER-set-openstack-nodes.sh
OPSInstaller/installer/expectsetsudoer.sh
OPSInstaller/installer/expectssh-keygen.sh
OPSInstaller/installer/expectsshyesno.sh
OPSInstaller/installer/OS-cluster-btrfs-snapshot.sh
OPSInstaller/installer/OS-cluster-reboot.sh
OPSInstaller/installer/OS-installer-00-1-set-remote-access.sh
OPSInstaller/installer/OS-installer-00-2-update-ubuntu.sh
OPSInstaller/installer/OS-installer-01-node-setups.sh
OPSInstaller/installer/OS-installer-02-mysql.sh
OPSInstaller/installer/OS-installer-03-rabbitmq.sh
OPSInstaller/installer/OS-installer-04-keystone.sh
OPSInstaller/installer/OS-installer-05-glance.sh
OPSInstaller/installer/OS-installer-06-nova.sh
OPSInstaller/installer/OS-installer-07-neutron.sh
OPSInstaller/installer/OS-installer-08-set-dvr.sh
OPSInstaller/installer/OS-installer-09-initial-user-network.sh
OPSInstaller/installer/OS-installer-10-horizon.sh
OPSInstaller/network/
OPSInstaller/network/Temp/
OPSInstaller/network/Temp/OPENSTACK-NETWORK-INSTALLER.sh
OPSInstaller/network/admintools/
OPSInstaller/network/admintools/admin-restart-neutron-network.sh
OPSInstaller/network/admintools/btrfs-defrag.sh
OPSInstaller/network/admintools/btrfs-delete.sh
OPSInstaller/network/admintools/btrfs-list.sh
OPSInstaller/network/admintools/btrfs-snap.sh
OPSInstaller/network/admintools/btrfs-clean-bad.sh
OPSInstaller/network/admintools/btrfs-restore.sh
OPSInstaller/network/admintools/btrfs-snapshot.sh
OPSInstaller/network/admintools/btrfs-delete-all-snapshots.sh
OPSInstaller/network/admintools/btrfs-restore-original.sh
OPSInstaller/network/files/
OPSInstaller/network/files/adjustsudoer.sh
OPSInstaller/network/files/chrony.conf
OPSInstaller/network/files/hosts
OPSInstaller/network/files/interfaces
OPSInstaller/network/files/l3_agent.ini
OPSInstaller/network/files/l3_agent_stage32.ini
OPSInstaller/network/files/local-sources.list
OPSInstaller/network/files/ml2_conf.ini
OPSInstaller/network/files/neutron.conf
OPSInstaller/network/files/openvswitch_agent.ini
OPSInstaller/network/files/openvswitch_agent_stage32.ini
OPSInstaller/network/clearlog.sh
OPSInstaller/network/exe-stage00-SUDO-update.sh
OPSInstaller/network/exe-stage02-SUDO-network-preinstall.sh
OPSInstaller/network/exe-stage05-SUDO-network-mysql.sh
OPSInstaller/network/exe-stage25-SUDO-network-neutron.sh
OPSInstaller/network/exe-stage27-SUDO-ovs-service.sh
OPSInstaller/network/exe-stage32-SUDO-dvr-network-conf.sh
OPSInstaller/network/exe-stageFIN-SUDO-postinstall.sh
OPSInstaller/remove-all-except-compute.sh
OPSInstaller/remove-all-except-compute1.sh
OPSInstaller/remove-all-except-controller.sh
OPSInstaller/remove-all-except-network.sh
OPSInstaller/scriptmap.html
+ ssh openstack@controller /home/openstack/OPSInstaller/remove-all-except-controller.sh
/home/openstack/OPSInstaller
+ echo 'extract installer files on network node.. press'
extract installer files on network node.. press
+ ssh openstack@network tar xvf /home/openstack/OPSInstaller.tar
+ tee log/extract-network-current.log
OPSInstaller/
OPSInstaller/compute/
OPSInstaller/compute/admintools/
OPSInstaller/compute/admintools/admin-restart-nova-compute-neutron.sh
OPSInstaller/compute/admintools/admin-restart-nova-compute.sh
OPSInstaller/compute/admintools/btrfs-defrag.sh
OPSInstaller/compute/admintools/btrfs-delete.sh
OPSInstaller/compute/admintools/btrfs-list.sh
OPSInstaller/compute/admintools/btrfs-snap.sh
OPSInstaller/compute/admintools/btrfs-clean-bad.sh
OPSInstaller/compute/admintools/btrfs-restore.sh
OPSInstaller/compute/admintools/btrfs-snapshot.sh
OPSInstaller/compute/admintools/btrfs-delete-all-snapshots.sh
OPSInstaller/compute/admintools/btrfs-restore-original.sh
OPSInstaller/compute/files/
OPSInstaller/compute/files/adjustsudoer.sh
OPSInstaller/compute/files/chrony.conf
OPSInstaller/compute/files/dhcp_agent.ini
OPSInstaller/compute/files/hosts
OPSInstaller/compute/files/interfaces
OPSInstaller/compute/files/l3_agent_stage33.ini
OPSInstaller/compute/files/local-sources.list
OPSInstaller/compute/files/metadata_agent.ini
OPSInstaller/compute/files/ml2_conf.ini
OPSInstaller/compute/files/neutron.conf
OPSInstaller/compute/files/nova-compute.conf
OPSInstaller/compute/files/nova.conf
OPSInstaller/compute/files/nova-stage29.conf
OPSInstaller/compute/files/openvswitch_agent.ini
OPSInstaller/compute/files/openvswitch_agent_stage33.ini
OPSInstaller/compute/files/sudoers.save
OPSInstaller/compute/clearlog.sh
OPSInstaller/compute/exe-stage00-SUDO-update.sh
OPSInstaller/compute/exe-stage03-SUDO-compute-preinstall.sh
OPSInstaller/compute/exe-stage06-SUDO-compute-mysql.sh
OPSInstaller/compute/exe-stage19-SUDO-nova-compute.sh
OPSInstaller/compute/exe-stage29-SUDO-compute-neutron.sh
OPSInstaller/compute/exe-stage33-SUDO-dvr-compute-conf.sh
OPSInstaller/compute/exe-stageFIN-SUDO-postinstall.sh
OPSInstaller/compute1/
OPSInstaller/compute1/Temp/
OPSInstaller/compute1/Temp/OPENSTACK-COMPUTE-INSTALLER.sh
OPSInstaller/compute1/admintools/
OPSInstaller/compute1/admintools/admin-restart-nova-compute-neutron.sh
OPSInstaller/compute1/admintools/admin-restart-nova-compute.sh
OPSInstaller/compute1/admintools/btrfs-defrag.sh
OPSInstaller/compute1/admintools/btrfs-delete.sh
OPSInstaller/compute1/admintools/btrfs-list.sh
OPSInstaller/compute1/admintools/btrfs-snap.sh
OPSInstaller/compute1/admintools/btrfs-clean-bad.sh
OPSInstaller/compute1/admintools/btrfs-restore.sh
OPSInstaller/compute1/admintools/btrfs-snapshot.sh
OPSInstaller/compute1/admintools/btrfs-delete-all-snapshots.sh
OPSInstaller/compute1/admintools/btrfs-restore-original.sh
OPSInstaller/compute1/files/
OPSInstaller/compute1/files/adjustsudoer.sh
OPSInstaller/compute1/files/chrony.conf
OPSInstaller/compute1/files/dhcp_agent.ini
OPSInstaller/compute1/files/hosts
OPSInstaller/compute1/files/interfaces
OPSInstaller/compute1/files/l3_agent_stage34.ini
OPSInstaller/compute1/files/local-sources.list
OPSInstaller/compute1/files/metadata_agent.ini
OPSInstaller/compute1/files/ml2_conf.ini
OPSInstaller/compute1/files/neutron.conf
OPSInstaller/compute1/files/nova-compute.conf
OPSInstaller/compute1/files/nova.conf
OPSInstaller/compute1/files/nova-stage29.conf
OPSInstaller/compute1/files/openvswitch_agent.ini
OPSInstaller/compute1/files/openvswitch_agent_stage34.ini
OPSInstaller/compute1/files/sudoers.save
OPSInstaller/compute1/clearlog.sh
OPSInstaller/compute1/exe-stage00-SUDO-update.sh
OPSInstaller/compute1/exe-stage03-SUDO-compute-preinstall.sh
OPSInstaller/compute1/exe-stage06-SUDO-compute-mysql.sh
OPSInstaller/compute1/exe-stage19-SUDO-nova-compute.sh
OPSInstaller/compute1/exe-stage29-SUDO-compute-neutron.sh
OPSInstaller/compute1/exe-stage34-SUDO-dvr-compute1-conf.sh
OPSInstaller/compute1/exe-stageFIN-SUDO-postinstall.sh
OPSInstaller/controller/
OPSInstaller/controller/admintools/
OPSInstaller/controller/admintools/admin-restart-glance.sh
OPSInstaller/controller/admintools/admin-restart-horizon-apache.sh
OPSInstaller/controller/admintools/admin-restart-keystone-apache.sh
OPSInstaller/controller/admintools/admin-restart-neutron-controller.sh
OPSInstaller/controller/admintools/admin-restart-nova-controller.sh
OPSInstaller/controller/admintools/btrfs-list.sh
OPSInstaller/controller/admintools/btrfs-delete.sh
OPSInstaller/controller/admintools/btrfs-defrag.sh
OPSInstaller/controller/admintools/btrfs-clean-bad.sh
OPSInstaller/controller/admintools/btrfs-snapshot.sh
OPSInstaller/controller/admintools/btrfs-restore.sh
OPSInstaller/controller/admintools/btrfs-restore-original.sh
OPSInstaller/controller/admintools/btrfs-delete-all-snapshots.sh
OPSInstaller/controller/files/
OPSInstaller/controller/files/99-openstack.cnf
OPSInstaller/controller/files/adjustsudoer.sh
OPSInstaller/controller/files/apache2.conf
OPSInstaller/controller/files/chrony.conf
OPSInstaller/controller/files/etcd.conf.yml
OPSInstaller/controller/files/etcd.service
OPSInstaller/controller/files/glance-api.conf
OPSInstaller/controller/files/glance-registry.conf
OPSInstaller/controller/files/hosts
OPSInstaller/controller/files/interfaces
OPSInstaller/controller/files/keystone.conf
OPSInstaller/controller/files/local_settings.py
OPSInstaller/controller/files/local-sources.list
OPSInstaller/controller/files/memcached.conf
OPSInstaller/controller/files/ml2_conf.ini
OPSInstaller/controller/files/neutron.conf
OPSInstaller/controller/files/neutron_stage31.conf
OPSInstaller/controller/files/nova.conf
OPSInstaller/controller/files/nova-stage23.conf
OPSInstaller/controller/files/ntp.conf
OPSInstaller/controller/files/openstack-dashboard.conf
OPSInstaller/controller/files/sudoers.save
OPSInstaller/controller/admin-openrc.sh
OPSInstaller/controller/clearlog.sh
OPSInstaller/controller/demo-openrc.sh
OPSInstaller/controller/exe-stage00-SUDO-update.sh
OPSInstaller/controller/exe-stage01-SUDO-preinstall.sh
OPSInstaller/controller/exe-stage04-SUDO-mysql.sh
OPSInstaller/controller/exe-stage07-SUDO-rabbit.sh
OPSInstaller/controller/exe-stage08-SUDO-keystone-database.sh
OPSInstaller/controller/exe-stage09-SUDO-keystone.sh
OPSInstaller/controller/exe-stage10-USER-service-endpoints.sh
OPSInstaller/controller/exe-stage11-USER-test-envscript.sh
OPSInstaller/controller/exe-stage12-SUDO-glance-database.sh
OPSInstaller/controller/exe-stage13-USER-glance-endpoints.sh
OPSInstaller/controller/exe-stage14-SUDO-glance.sh
OPSInstaller/controller/exe-stage15-USER-verify-glance.sh
OPSInstaller/controller/exe-stage16-SUDO-nova-database.sh
OPSInstaller/controller/exe-stage17-USER-nova-endpoints.sh
OPSInstaller/controller/exe-stage18-SUDO-nova.sh
OPSInstaller/controller/exe-stage20-0-USER-verify-nova-compute.sh
OPSInstaller/controller/exe-stage20-1-USER-verify-nova-compute1.sh
OPSInstaller/controller/exe-stage20-2-USER-verify-nova.sh
OPSInstaller/controller/exe-stage21-SUDO-neutron-database.sh
OPSInstaller/controller/exe-stage22-USER-neutron-endpoints.sh
OPSInstaller/controller/exe-stage23-SUDO-neutron.sh
OPSInstaller/controller/exe-stage24-USER-verify-neutron.sh
OPSInstaller/controller/exe-stage26-SUDO-reconfig-neutron-nova.sh
OPSInstaller/controller/exe-stage28-USER-verify-neutron2.sh
OPSInstaller/controller/exe-stage30-USER-verify-neutron3.sh
OPSInstaller/controller/exe-stage31-SUDO-dvr-controller-conf.sh
OPSInstaller/controller/exe-stage35-USER-verify-dvr-network.sh
OPSInstaller/controller/exe-stage36-USER-initial-network.sh
OPSInstaller/controller/exe-stage37-SUDO-horizon.sh
OPSInstaller/controller/exe-stageFIN-SUDO-postinstall.sh
OPSInstaller/installer/
OPSInstaller/installer/files/
OPSInstaller/installer/files/adjustsudoer.sh
OPSInstaller/installer/files/hosts
OPSInstaller/installer/files/local-sources.list
OPSInstaller/installer/log/
OPSInstaller/installer/batch-installer-00-set-sudoer.sh
OPSInstaller/installer/batch-installer-dvr-neutron-part1.sh
OPSInstaller/installer/batch-installer-dvr-neutron-part2.sh
OPSInstaller/installer/batch-installer-ovs-neutron-part1.sh
OPSInstaller/installer/batch-installer-ovs-neutron-part2.sh
OPSInstaller/installer/clearlog.sh
OPSInstaller/installer/exe-preinstall00-SUDO-update.sh
OPSInstaller/installer/exe-preinstall01-USER-set-remote-access.sh
OPSInstaller/installer/exe-preinstall02-USER-set-openstack-nodes.sh
OPSInstaller/installer/expectsetsudoer.sh
OPSInstaller/installer/expectssh-keygen.sh
OPSInstaller/installer/expectsshyesno.sh
OPSInstaller/installer/OS-cluster-btrfs-snapshot.sh
OPSInstaller/installer/OS-cluster-reboot.sh
OPSInstaller/installer/OS-installer-00-1-set-remote-access.sh
OPSInstaller/installer/OS-installer-00-2-update-ubuntu.sh
OPSInstaller/installer/OS-installer-01-node-setups.sh
OPSInstaller/installer/OS-installer-02-mysql.sh
OPSInstaller/installer/OS-installer-03-rabbitmq.sh
OPSInstaller/installer/OS-installer-04-keystone.sh
OPSInstaller/installer/OS-installer-05-glance.sh
OPSInstaller/installer/OS-installer-06-nova.sh
OPSInstaller/installer/OS-installer-07-neutron.sh
OPSInstaller/installer/OS-installer-08-set-dvr.sh
OPSInstaller/installer/OS-installer-09-initial-user-network.sh
OPSInstaller/installer/OS-installer-10-horizon.sh
OPSInstaller/network/
OPSInstaller/network/Temp/
OPSInstaller/network/Temp/OPENSTACK-NETWORK-INSTALLER.sh
OPSInstaller/network/admintools/
OPSInstaller/network/admintools/admin-restart-neutron-network.sh
OPSInstaller/network/admintools/btrfs-defrag.sh
OPSInstaller/network/admintools/btrfs-delete.sh
OPSInstaller/network/admintools/btrfs-list.sh
OPSInstaller/network/admintools/btrfs-snap.sh
OPSInstaller/network/admintools/btrfs-clean-bad.sh
OPSInstaller/network/admintools/btrfs-restore.sh
OPSInstaller/network/admintools/btrfs-snapshot.sh
OPSInstaller/network/admintools/btrfs-delete-all-snapshots.sh
OPSInstaller/network/admintools/btrfs-restore-original.sh
OPSInstaller/network/files/
OPSInstaller/network/files/adjustsudoer.sh
OPSInstaller/network/files/chrony.conf
OPSInstaller/network/files/hosts
OPSInstaller/network/files/interfaces
OPSInstaller/network/files/l3_agent.ini
OPSInstaller/network/files/l3_agent_stage32.ini
OPSInstaller/network/files/local-sources.list
OPSInstaller/network/files/ml2_conf.ini
OPSInstaller/network/files/neutron.conf
OPSInstaller/network/files/openvswitch_agent.ini
OPSInstaller/network/files/openvswitch_agent_stage32.ini
OPSInstaller/network/clearlog.sh
OPSInstaller/network/exe-stage00-SUDO-update.sh
OPSInstaller/network/exe-stage02-SUDO-network-preinstall.sh
OPSInstaller/network/exe-stage05-SUDO-network-mysql.sh
OPSInstaller/network/exe-stage25-SUDO-network-neutron.sh
OPSInstaller/network/exe-stage27-SUDO-ovs-service.sh
OPSInstaller/network/exe-stage32-SUDO-dvr-network-conf.sh
OPSInstaller/network/exe-stageFIN-SUDO-postinstall.sh
OPSInstaller/remove-all-except-compute.sh
OPSInstaller/remove-all-except-compute1.sh
OPSInstaller/remove-all-except-controller.sh
OPSInstaller/remove-all-except-network.sh
OPSInstaller/scriptmap.html
+ ssh openstack@network /home/openstack/OPSInstaller/remove-all-except-network.sh
/home/openstack/OPSInstaller
+ echo 'extract installer files on compute node.. press'
extract installer files on compute node.. press
+ ssh openstack@compute tar xvf /home/openstack/OPSInstaller.tar
+ tee log/extract-compute-current.log
OPSInstaller/
OPSInstaller/compute/
OPSInstaller/compute/admintools/
OPSInstaller/compute/admintools/admin-restart-nova-compute-neutron.sh
OPSInstaller/compute/admintools/admin-restart-nova-compute.sh
OPSInstaller/compute/admintools/btrfs-defrag.sh
OPSInstaller/compute/admintools/btrfs-delete.sh
OPSInstaller/compute/admintools/btrfs-list.sh
OPSInstaller/compute/admintools/btrfs-snap.sh
OPSInstaller/compute/admintools/btrfs-clean-bad.sh
OPSInstaller/compute/admintools/btrfs-restore.sh
OPSInstaller/compute/admintools/btrfs-snapshot.sh
OPSInstaller/compute/admintools/btrfs-delete-all-snapshots.sh
OPSInstaller/compute/admintools/btrfs-restore-original.sh
OPSInstaller/compute/files/
OPSInstaller/compute/files/adjustsudoer.sh
OPSInstaller/compute/files/chrony.conf
OPSInstaller/compute/files/dhcp_agent.ini
OPSInstaller/compute/files/hosts
OPSInstaller/compute/files/interfaces
OPSInstaller/compute/files/l3_agent_stage33.ini
OPSInstaller/compute/files/local-sources.list
OPSInstaller/compute/files/metadata_agent.ini
OPSInstaller/compute/files/ml2_conf.ini
OPSInstaller/compute/files/neutron.conf
OPSInstaller/compute/files/nova-compute.conf
OPSInstaller/compute/files/nova.conf
OPSInstaller/compute/files/nova-stage29.conf
OPSInstaller/compute/files/openvswitch_agent.ini
OPSInstaller/compute/files/openvswitch_agent_stage33.ini
OPSInstaller/compute/files/sudoers.save
OPSInstaller/compute/clearlog.sh
OPSInstaller/compute/exe-stage00-SUDO-update.sh
OPSInstaller/compute/exe-stage03-SUDO-compute-preinstall.sh
OPSInstaller/compute/exe-stage06-SUDO-compute-mysql.sh
OPSInstaller/compute/exe-stage19-SUDO-nova-compute.sh
OPSInstaller/compute/exe-stage29-SUDO-compute-neutron.sh
OPSInstaller/compute/exe-stage33-SUDO-dvr-compute-conf.sh
OPSInstaller/compute/exe-stageFIN-SUDO-postinstall.sh
OPSInstaller/compute1/
OPSInstaller/compute1/Temp/
OPSInstaller/compute1/Temp/OPENSTACK-COMPUTE-INSTALLER.sh
OPSInstaller/compute1/admintools/
OPSInstaller/compute1/admintools/admin-restart-nova-compute-neutron.sh
OPSInstaller/compute1/admintools/admin-restart-nova-compute.sh
OPSInstaller/compute1/admintools/btrfs-defrag.sh
OPSInstaller/compute1/admintools/btrfs-delete.sh
OPSInstaller/compute1/admintools/btrfs-list.sh
OPSInstaller/compute1/admintools/btrfs-snap.sh
OPSInstaller/compute1/admintools/btrfs-clean-bad.sh
OPSInstaller/compute1/admintools/btrfs-restore.sh
OPSInstaller/compute1/admintools/btrfs-snapshot.sh
OPSInstaller/compute1/admintools/btrfs-delete-all-snapshots.sh
OPSInstaller/compute1/admintools/btrfs-restore-original.sh
OPSInstaller/compute1/files/
OPSInstaller/compute1/files/adjustsudoer.sh
OPSInstaller/compute1/files/chrony.conf
OPSInstaller/compute1/files/dhcp_agent.ini
OPSInstaller/compute1/files/hosts
OPSInstaller/compute1/files/interfaces
OPSInstaller/compute1/files/l3_agent_stage34.ini
OPSInstaller/compute1/files/local-sources.list
OPSInstaller/compute1/files/metadata_agent.ini
OPSInstaller/compute1/files/ml2_conf.ini
OPSInstaller/compute1/files/neutron.conf
OPSInstaller/compute1/files/nova-compute.conf
OPSInstaller/compute1/files/nova.conf
OPSInstaller/compute1/files/nova-stage29.conf
OPSInstaller/compute1/files/openvswitch_agent.ini
OPSInstaller/compute1/files/openvswitch_agent_stage34.ini
OPSInstaller/compute1/files/sudoers.save
OPSInstaller/compute1/clearlog.sh
OPSInstaller/compute1/exe-stage00-SUDO-update.sh
OPSInstaller/compute1/exe-stage03-SUDO-compute-preinstall.sh
OPSInstaller/compute1/exe-stage06-SUDO-compute-mysql.sh
OPSInstaller/compute1/exe-stage19-SUDO-nova-compute.sh
OPSInstaller/compute1/exe-stage29-SUDO-compute-neutron.sh
OPSInstaller/compute1/exe-stage34-SUDO-dvr-compute1-conf.sh
OPSInstaller/compute1/exe-stageFIN-SUDO-postinstall.sh
OPSInstaller/controller/
OPSInstaller/controller/admintools/
OPSInstaller/controller/admintools/admin-restart-glance.sh
OPSInstaller/controller/admintools/admin-restart-horizon-apache.sh
OPSInstaller/controller/admintools/admin-restart-keystone-apache.sh
OPSInstaller/controller/admintools/admin-restart-neutron-controller.sh
OPSInstaller/controller/admintools/admin-restart-nova-controller.sh
OPSInstaller/controller/admintools/btrfs-list.sh
OPSInstaller/controller/admintools/btrfs-delete.sh
OPSInstaller/controller/admintools/btrfs-defrag.sh
OPSInstaller/controller/admintools/btrfs-clean-bad.sh
OPSInstaller/controller/admintools/btrfs-snapshot.sh
OPSInstaller/controller/admintools/btrfs-restore.sh
OPSInstaller/controller/admintools/btrfs-restore-original.sh
OPSInstaller/controller/admintools/btrfs-delete-all-snapshots.sh
OPSInstaller/controller/files/
OPSInstaller/controller/files/99-openstack.cnf
OPSInstaller/controller/files/adjustsudoer.sh
OPSInstaller/controller/files/apache2.conf
OPSInstaller/controller/files/chrony.conf
OPSInstaller/controller/files/etcd.conf.yml
OPSInstaller/controller/files/etcd.service
OPSInstaller/controller/files/glance-api.conf
OPSInstaller/controller/files/glance-registry.conf
OPSInstaller/controller/files/hosts
OPSInstaller/controller/files/interfaces
OPSInstaller/controller/files/keystone.conf
OPSInstaller/controller/files/local_settings.py
OPSInstaller/controller/files/local-sources.list
OPSInstaller/controller/files/memcached.conf
OPSInstaller/controller/files/ml2_conf.ini
OPSInstaller/controller/files/neutron.conf
OPSInstaller/controller/files/neutron_stage31.conf
OPSInstaller/controller/files/nova.conf
OPSInstaller/controller/files/nova-stage23.conf
OPSInstaller/controller/files/ntp.conf
OPSInstaller/controller/files/openstack-dashboard.conf
OPSInstaller/controller/files/sudoers.save
OPSInstaller/controller/admin-openrc.sh
OPSInstaller/controller/clearlog.sh
OPSInstaller/controller/demo-openrc.sh
OPSInstaller/controller/exe-stage00-SUDO-update.sh
OPSInstaller/controller/exe-stage01-SUDO-preinstall.sh
OPSInstaller/controller/exe-stage04-SUDO-mysql.sh
OPSInstaller/controller/exe-stage07-SUDO-rabbit.sh
OPSInstaller/controller/exe-stage08-SUDO-keystone-database.sh
OPSInstaller/controller/exe-stage09-SUDO-keystone.sh
OPSInstaller/controller/exe-stage10-USER-service-endpoints.sh
OPSInstaller/controller/exe-stage11-USER-test-envscript.sh
OPSInstaller/controller/exe-stage12-SUDO-glance-database.sh
OPSInstaller/controller/exe-stage13-USER-glance-endpoints.sh
OPSInstaller/controller/exe-stage14-SUDO-glance.sh
OPSInstaller/controller/exe-stage15-USER-verify-glance.sh
OPSInstaller/controller/exe-stage16-SUDO-nova-database.sh
OPSInstaller/controller/exe-stage17-USER-nova-endpoints.sh
OPSInstaller/controller/exe-stage18-SUDO-nova.sh
OPSInstaller/controller/exe-stage20-0-USER-verify-nova-compute.sh
OPSInstaller/controller/exe-stage20-1-USER-verify-nova-compute1.sh
OPSInstaller/controller/exe-stage20-2-USER-verify-nova.sh
OPSInstaller/controller/exe-stage21-SUDO-neutron-database.sh
OPSInstaller/controller/exe-stage22-USER-neutron-endpoints.sh
OPSInstaller/controller/exe-stage23-SUDO-neutron.sh
OPSInstaller/controller/exe-stage24-USER-verify-neutron.sh
OPSInstaller/controller/exe-stage26-SUDO-reconfig-neutron-nova.sh
OPSInstaller/controller/exe-stage28-USER-verify-neutron2.sh
OPSInstaller/controller/exe-stage30-USER-verify-neutron3.sh
OPSInstaller/controller/exe-stage31-SUDO-dvr-controller-conf.sh
OPSInstaller/controller/exe-stage35-USER-verify-dvr-network.sh
OPSInstaller/controller/exe-stage36-USER-initial-network.sh
OPSInstaller/controller/exe-stage37-SUDO-horizon.sh
OPSInstaller/controller/exe-stageFIN-SUDO-postinstall.sh
OPSInstaller/installer/
OPSInstaller/installer/files/
OPSInstaller/installer/files/adjustsudoer.sh
OPSInstaller/installer/files/hosts
OPSInstaller/installer/files/local-sources.list
OPSInstaller/installer/log/
OPSInstaller/installer/batch-installer-00-set-sudoer.sh
OPSInstaller/installer/batch-installer-dvr-neutron-part1.sh
OPSInstaller/installer/batch-installer-dvr-neutron-part2.sh
OPSInstaller/installer/batch-installer-ovs-neutron-part1.sh
OPSInstaller/installer/batch-installer-ovs-neutron-part2.sh
OPSInstaller/installer/clearlog.sh
OPSInstaller/installer/exe-preinstall00-SUDO-update.sh
OPSInstaller/installer/exe-preinstall01-USER-set-remote-access.sh
OPSInstaller/installer/exe-preinstall02-USER-set-openstack-nodes.sh
OPSInstaller/installer/expectsetsudoer.sh
OPSInstaller/installer/expectssh-keygen.sh
OPSInstaller/installer/expectsshyesno.sh
OPSInstaller/installer/OS-cluster-btrfs-snapshot.sh
OPSInstaller/installer/OS-cluster-reboot.sh
OPSInstaller/installer/OS-installer-00-1-set-remote-access.sh
OPSInstaller/installer/OS-installer-00-2-update-ubuntu.sh
OPSInstaller/installer/OS-installer-01-node-setups.sh
OPSInstaller/installer/OS-installer-02-mysql.sh
OPSInstaller/installer/OS-installer-03-rabbitmq.sh
OPSInstaller/installer/OS-installer-04-keystone.sh
OPSInstaller/installer/OS-installer-05-glance.sh
OPSInstaller/installer/OS-installer-06-nova.sh
OPSInstaller/installer/OS-installer-07-neutron.sh
OPSInstaller/installer/OS-installer-08-set-dvr.sh
OPSInstaller/installer/OS-installer-09-initial-user-network.sh
OPSInstaller/installer/OS-installer-10-horizon.sh
OPSInstaller/network/
OPSInstaller/network/Temp/
OPSInstaller/network/Temp/OPENSTACK-NETWORK-INSTALLER.sh
OPSInstaller/network/admintools/
OPSInstaller/network/admintools/admin-restart-neutron-network.sh
OPSInstaller/network/admintools/btrfs-defrag.sh
OPSInstaller/network/admintools/btrfs-delete.sh
OPSInstaller/network/admintools/btrfs-list.sh
OPSInstaller/network/admintools/btrfs-snap.sh
OPSInstaller/network/admintools/btrfs-clean-bad.sh
OPSInstaller/network/admintools/btrfs-restore.sh
OPSInstaller/network/admintools/btrfs-snapshot.sh
OPSInstaller/network/admintools/btrfs-delete-all-snapshots.sh
OPSInstaller/network/admintools/btrfs-restore-original.sh
OPSInstaller/network/files/
OPSInstaller/network/files/adjustsudoer.sh
OPSInstaller/network/files/chrony.conf
OPSInstaller/network/files/hosts
OPSInstaller/network/files/interfaces
OPSInstaller/network/files/l3_agent.ini
OPSInstaller/network/files/l3_agent_stage32.ini
OPSInstaller/network/files/local-sources.list
OPSInstaller/network/files/ml2_conf.ini
OPSInstaller/network/files/neutron.conf
OPSInstaller/network/files/openvswitch_agent.ini
OPSInstaller/network/files/openvswitch_agent_stage32.ini
OPSInstaller/network/clearlog.sh
OPSInstaller/network/exe-stage00-SUDO-update.sh
OPSInstaller/network/exe-stage02-SUDO-network-preinstall.sh
OPSInstaller/network/exe-stage05-SUDO-network-mysql.sh
OPSInstaller/network/exe-stage25-SUDO-network-neutron.sh
OPSInstaller/network/exe-stage27-SUDO-ovs-service.sh
OPSInstaller/network/exe-stage32-SUDO-dvr-network-conf.sh
OPSInstaller/network/exe-stageFIN-SUDO-postinstall.sh
OPSInstaller/remove-all-except-compute.sh
OPSInstaller/remove-all-except-compute1.sh
OPSInstaller/remove-all-except-controller.sh
OPSInstaller/remove-all-except-network.sh
OPSInstaller/scriptmap.html
+ ssh openstack@compute /home/openstack/OPSInstaller/remove-all-except-compute.sh
/home/openstack/OPSInstaller
+ '[' full == full ']'
+ echo 'extract installer files on compute1 node.. press'
extract installer files on compute1 node.. press
+ ssh openstack@compute1 tar xvf /home/openstack/OPSInstaller.tar
+ tee log/extract-compute-current.log
OPSInstaller/
OPSInstaller/compute/
OPSInstaller/compute/admintools/
OPSInstaller/compute/admintools/admin-restart-nova-compute-neutron.sh
OPSInstaller/compute/admintools/admin-restart-nova-compute.sh
OPSInstaller/compute/admintools/btrfs-defrag.sh
OPSInstaller/compute/admintools/btrfs-delete.sh
OPSInstaller/compute/admintools/btrfs-list.sh
OPSInstaller/compute/admintools/btrfs-snap.sh
OPSInstaller/compute/admintools/btrfs-clean-bad.sh
OPSInstaller/compute/admintools/btrfs-restore.sh
OPSInstaller/compute/admintools/btrfs-snapshot.sh
OPSInstaller/compute/admintools/btrfs-delete-all-snapshots.sh
OPSInstaller/compute/admintools/btrfs-restore-original.sh
OPSInstaller/compute/files/
OPSInstaller/compute/files/adjustsudoer.sh
OPSInstaller/compute/files/chrony.conf
OPSInstaller/compute/files/dhcp_agent.ini
OPSInstaller/compute/files/hosts
OPSInstaller/compute/files/interfaces
OPSInstaller/compute/files/l3_agent_stage33.ini
OPSInstaller/compute/files/local-sources.list
OPSInstaller/compute/files/metadata_agent.ini
OPSInstaller/compute/files/ml2_conf.ini
OPSInstaller/compute/files/neutron.conf
OPSInstaller/compute/files/nova-compute.conf
OPSInstaller/compute/files/nova.conf
OPSInstaller/compute/files/nova-stage29.conf
OPSInstaller/compute/files/openvswitch_agent.ini
OPSInstaller/compute/files/openvswitch_agent_stage33.ini
OPSInstaller/compute/files/sudoers.save
OPSInstaller/compute/clearlog.sh
OPSInstaller/compute/exe-stage00-SUDO-update.sh
OPSInstaller/compute/exe-stage03-SUDO-compute-preinstall.sh
OPSInstaller/compute/exe-stage06-SUDO-compute-mysql.sh
OPSInstaller/compute/exe-stage19-SUDO-nova-compute.sh
OPSInstaller/compute/exe-stage29-SUDO-compute-neutron.sh
OPSInstaller/compute/exe-stage33-SUDO-dvr-compute-conf.sh
OPSInstaller/compute/exe-stageFIN-SUDO-postinstall.sh
OPSInstaller/compute1/
OPSInstaller/compute1/Temp/
OPSInstaller/compute1/Temp/OPENSTACK-COMPUTE-INSTALLER.sh
OPSInstaller/compute1/admintools/
OPSInstaller/compute1/admintools/admin-restart-nova-compute-neutron.sh
OPSInstaller/compute1/admintools/admin-restart-nova-compute.sh
OPSInstaller/compute1/admintools/btrfs-defrag.sh
OPSInstaller/compute1/admintools/btrfs-delete.sh
OPSInstaller/compute1/admintools/btrfs-list.sh
OPSInstaller/compute1/admintools/btrfs-snap.sh
OPSInstaller/compute1/admintools/btrfs-clean-bad.sh
OPSInstaller/compute1/admintools/btrfs-restore.sh
OPSInstaller/compute1/admintools/btrfs-snapshot.sh
OPSInstaller/compute1/admintools/btrfs-delete-all-snapshots.sh
OPSInstaller/compute1/admintools/btrfs-restore-original.sh
OPSInstaller/compute1/files/
OPSInstaller/compute1/files/adjustsudoer.sh
OPSInstaller/compute1/files/chrony.conf
OPSInstaller/compute1/files/dhcp_agent.ini
OPSInstaller/compute1/files/hosts
OPSInstaller/compute1/files/interfaces
OPSInstaller/compute1/files/l3_agent_stage34.ini
OPSInstaller/compute1/files/local-sources.list
OPSInstaller/compute1/files/metadata_agent.ini
OPSInstaller/compute1/files/ml2_conf.ini
OPSInstaller/compute1/files/neutron.conf
OPSInstaller/compute1/files/nova-compute.conf
OPSInstaller/compute1/files/nova.conf
OPSInstaller/compute1/files/nova-stage29.conf
OPSInstaller/compute1/files/openvswitch_agent.ini
OPSInstaller/compute1/files/openvswitch_agent_stage34.ini
OPSInstaller/compute1/files/sudoers.save
OPSInstaller/compute1/clearlog.sh
OPSInstaller/compute1/exe-stage00-SUDO-update.sh
OPSInstaller/compute1/exe-stage03-SUDO-compute-preinstall.sh
OPSInstaller/compute1/exe-stage06-SUDO-compute-mysql.sh
OPSInstaller/compute1/exe-stage19-SUDO-nova-compute.sh
OPSInstaller/compute1/exe-stage29-SUDO-compute-neutron.sh
OPSInstaller/compute1/exe-stage34-SUDO-dvr-compute1-conf.sh
OPSInstaller/compute1/exe-stageFIN-SUDO-postinstall.sh
OPSInstaller/controller/
OPSInstaller/controller/admintools/
OPSInstaller/controller/admintools/admin-restart-glance.sh
OPSInstaller/controller/admintools/admin-restart-horizon-apache.sh
OPSInstaller/controller/admintools/admin-restart-keystone-apache.sh
OPSInstaller/controller/admintools/admin-restart-neutron-controller.sh
OPSInstaller/controller/admintools/admin-restart-nova-controller.sh
OPSInstaller/controller/admintools/btrfs-list.sh
OPSInstaller/controller/admintools/btrfs-delete.sh
OPSInstaller/controller/admintools/btrfs-defrag.sh
OPSInstaller/controller/admintools/btrfs-clean-bad.sh
OPSInstaller/controller/admintools/btrfs-snapshot.sh
OPSInstaller/controller/admintools/btrfs-restore.sh
OPSInstaller/controller/admintools/btrfs-restore-original.sh
OPSInstaller/controller/admintools/btrfs-delete-all-snapshots.sh
OPSInstaller/controller/files/
OPSInstaller/controller/files/99-openstack.cnf
OPSInstaller/controller/files/adjustsudoer.sh
OPSInstaller/controller/files/apache2.conf
OPSInstaller/controller/files/chrony.conf
OPSInstaller/controller/files/etcd.conf.yml
OPSInstaller/controller/files/etcd.service
OPSInstaller/controller/files/glance-api.conf
OPSInstaller/controller/files/glance-registry.conf
OPSInstaller/controller/files/hosts
OPSInstaller/controller/files/interfaces
OPSInstaller/controller/files/keystone.conf
OPSInstaller/controller/files/local_settings.py
OPSInstaller/controller/files/local-sources.list
OPSInstaller/controller/files/memcached.conf
OPSInstaller/controller/files/ml2_conf.ini
OPSInstaller/controller/files/neutron.conf
OPSInstaller/controller/files/neutron_stage31.conf
OPSInstaller/controller/files/nova.conf
OPSInstaller/controller/files/nova-stage23.conf
OPSInstaller/controller/files/ntp.conf
OPSInstaller/controller/files/openstack-dashboard.conf
OPSInstaller/controller/files/sudoers.save
OPSInstaller/controller/admin-openrc.sh
OPSInstaller/controller/clearlog.sh
OPSInstaller/controller/demo-openrc.sh
OPSInstaller/controller/exe-stage00-SUDO-update.sh
OPSInstaller/controller/exe-stage01-SUDO-preinstall.sh
OPSInstaller/controller/exe-stage04-SUDO-mysql.sh
OPSInstaller/controller/exe-stage07-SUDO-rabbit.sh
OPSInstaller/controller/exe-stage08-SUDO-keystone-database.sh
OPSInstaller/controller/exe-stage09-SUDO-keystone.sh
OPSInstaller/controller/exe-stage10-USER-service-endpoints.sh
OPSInstaller/controller/exe-stage11-USER-test-envscript.sh
OPSInstaller/controller/exe-stage12-SUDO-glance-database.sh
OPSInstaller/controller/exe-stage13-USER-glance-endpoints.sh
OPSInstaller/controller/exe-stage14-SUDO-glance.sh
OPSInstaller/controller/exe-stage15-USER-verify-glance.sh
OPSInstaller/controller/exe-stage16-SUDO-nova-database.sh
OPSInstaller/controller/exe-stage17-USER-nova-endpoints.sh
OPSInstaller/controller/exe-stage18-SUDO-nova.sh
OPSInstaller/controller/exe-stage20-0-USER-verify-nova-compute.sh
OPSInstaller/controller/exe-stage20-1-USER-verify-nova-compute1.sh
OPSInstaller/controller/exe-stage20-2-USER-verify-nova.sh
OPSInstaller/controller/exe-stage21-SUDO-neutron-database.sh
OPSInstaller/controller/exe-stage22-USER-neutron-endpoints.sh
OPSInstaller/controller/exe-stage23-SUDO-neutron.sh
OPSInstaller/controller/exe-stage24-USER-verify-neutron.sh
OPSInstaller/controller/exe-stage26-SUDO-reconfig-neutron-nova.sh
OPSInstaller/controller/exe-stage28-USER-verify-neutron2.sh
OPSInstaller/controller/exe-stage30-USER-verify-neutron3.sh
OPSInstaller/controller/exe-stage31-SUDO-dvr-controller-conf.sh
OPSInstaller/controller/exe-stage35-USER-verify-dvr-network.sh
OPSInstaller/controller/exe-stage36-USER-initial-network.sh
OPSInstaller/controller/exe-stage37-SUDO-horizon.sh
OPSInstaller/controller/exe-stageFIN-SUDO-postinstall.sh
OPSInstaller/installer/
OPSInstaller/installer/files/
OPSInstaller/installer/files/adjustsudoer.sh
OPSInstaller/installer/files/hosts
OPSInstaller/installer/files/local-sources.list
OPSInstaller/installer/log/
OPSInstaller/installer/batch-installer-00-set-sudoer.sh
OPSInstaller/installer/batch-installer-dvr-neutron-part1.sh
OPSInstaller/installer/batch-installer-dvr-neutron-part2.sh
OPSInstaller/installer/batch-installer-ovs-neutron-part1.sh
OPSInstaller/installer/batch-installer-ovs-neutron-part2.sh
OPSInstaller/installer/clearlog.sh
OPSInstaller/installer/exe-preinstall00-SUDO-update.sh
OPSInstaller/installer/exe-preinstall01-USER-set-remote-access.sh
OPSInstaller/installer/exe-preinstall02-USER-set-openstack-nodes.sh
OPSInstaller/installer/expectsetsudoer.sh
OPSInstaller/installer/expectssh-keygen.sh
OPSInstaller/installer/expectsshyesno.sh
OPSInstaller/installer/OS-cluster-btrfs-snapshot.sh
OPSInstaller/installer/OS-cluster-reboot.sh
OPSInstaller/installer/OS-installer-00-1-set-remote-access.sh
OPSInstaller/installer/OS-installer-00-2-update-ubuntu.sh
OPSInstaller/installer/OS-installer-01-node-setups.sh
OPSInstaller/installer/OS-installer-02-mysql.sh
OPSInstaller/installer/OS-installer-03-rabbitmq.sh
OPSInstaller/installer/OS-installer-04-keystone.sh
OPSInstaller/installer/OS-installer-05-glance.sh
OPSInstaller/installer/OS-installer-06-nova.sh
OPSInstaller/installer/OS-installer-07-neutron.sh
OPSInstaller/installer/OS-installer-08-set-dvr.sh
OPSInstaller/installer/OS-installer-09-initial-user-network.sh
OPSInstaller/installer/OS-installer-10-horizon.sh
OPSInstaller/network/
OPSInstaller/network/Temp/
OPSInstaller/network/Temp/OPENSTACK-NETWORK-INSTALLER.sh
OPSInstaller/network/admintools/
OPSInstaller/network/admintools/admin-restart-neutron-network.sh
OPSInstaller/network/admintools/btrfs-defrag.sh
OPSInstaller/network/admintools/btrfs-delete.sh
OPSInstaller/network/admintools/btrfs-list.sh
OPSInstaller/network/admintools/btrfs-snap.sh
OPSInstaller/network/admintools/btrfs-clean-bad.sh
OPSInstaller/network/admintools/btrfs-restore.sh
OPSInstaller/network/admintools/btrfs-snapshot.sh
OPSInstaller/network/admintools/btrfs-delete-all-snapshots.sh
OPSInstaller/network/admintools/btrfs-restore-original.sh
OPSInstaller/network/files/
OPSInstaller/network/files/adjustsudoer.sh
OPSInstaller/network/files/chrony.conf
OPSInstaller/network/files/hosts
OPSInstaller/network/files/interfaces
OPSInstaller/network/files/l3_agent.ini
OPSInstaller/network/files/l3_agent_stage32.ini
OPSInstaller/network/files/local-sources.list
OPSInstaller/network/files/ml2_conf.ini
OPSInstaller/network/files/neutron.conf
OPSInstaller/network/files/openvswitch_agent.ini
OPSInstaller/network/files/openvswitch_agent_stage32.ini
OPSInstaller/network/clearlog.sh
OPSInstaller/network/exe-stage00-SUDO-update.sh
OPSInstaller/network/exe-stage02-SUDO-network-preinstall.sh
OPSInstaller/network/exe-stage05-SUDO-network-mysql.sh
OPSInstaller/network/exe-stage25-SUDO-network-neutron.sh
OPSInstaller/network/exe-stage27-SUDO-ovs-service.sh
OPSInstaller/network/exe-stage32-SUDO-dvr-network-conf.sh
OPSInstaller/network/exe-stageFIN-SUDO-postinstall.sh
OPSInstaller/remove-all-except-compute.sh
OPSInstaller/remove-all-except-compute1.sh
OPSInstaller/remove-all-except-controller.sh
OPSInstaller/remove-all-except-network.sh
OPSInstaller/scriptmap.html
+ ssh openstack@compute1 /home/openstack/OPSInstaller/remove-all-except-compute1.sh
/home/openstack/OPSInstaller
