+ cd /home/openstack/OPSInstaller/controller
+ pwd
/home/openstack/OPSInstaller/controller
+ echo 'Run this script with sudo or as root.'
Run this script with sudo or as root.
+ echo -n '1. set admin-openrc.sh '
1. set admin-openrc.sh + source ./admin-openrc.sh
++ export OS_PROJECT_DOMAIN_NAME=default
++ OS_PROJECT_DOMAIN_NAME=default
++ export OS_USER_DOMAIN_NAME=default
++ OS_USER_DOMAIN_NAME=default
++ export OS_PROJECT_NAME=admin
++ OS_PROJECT_NAME=admin
++ export OS_USERNAME=admin
++ OS_USERNAME=admin
++ export OS_PASSWORD=adminpassword
++ OS_PASSWORD=adminpassword
++ export OS_AUTH_URL=http://controller:5000/v3
++ OS_AUTH_URL=http://controller:5000/v3
++ export OS_IDENTITY_API_VERSION=3
++ OS_IDENTITY_API_VERSION=3
++ export OS_IMAGE_API_VERSION=2
++ OS_IMAGE_API_VERSION=2
+ openstack token issue
+------------+-----------------------------------------------------------------------------------------------------------------------------------------------------------------------------------------+
| Field      | Value                                                                                                                                                                                   |
+------------+-----------------------------------------------------------------------------------------------------------------------------------------------------------------------------------------+
| expires    | 2018-06-13T11:20:35+0000                                                                                                                                                                |
| id         | gAAAAABbIO_zcvKaDvRWVBYvwXoKOx15wnjhrFjIr4VBL0d6dDVHGM_17sVBg9KfeJndeB4YwdvgQn6SrTzEIDHDwGsIcSQNKfn0TgsxkbjILgS4h8IkxSXgXuFRsWmtFEVRXwNkKINQ7OAH5WyHVMIxdWvxWxg8Wl8O01Xeh6VR0ijpKNU_RVM |
| project_id | ce3616868ec94ef6b491eaf8e99d8530                                                                                                                                                        |
| user_id    | 436a714a69ef4609a0086b10292b8339                                                                                                                                                        |
+------------+-----------------------------------------------------------------------------------------------------------------------------------------------------------------------------------------+
