+ cd /home/openstack/OPSInstaller/controller
+ pwd
/home/openstack/OPSInstaller/controller
+ echo 'Run this script as a user.'
Run this script as a user.
+ source ./admin-openrc.sh
++ export OS_PROJECT_DOMAIN_NAME=default
++ OS_PROJECT_DOMAIN_NAME=default
++ export OS_USER_DOMAIN_NAME=default
++ OS_USER_DOMAIN_NAME=default
++ export OS_PROJECT_NAME=admin
++ OS_PROJECT_NAME=admin
++ export OS_USERNAME=admin
++ OS_USERNAME=admin
++ export OS_PASSWORD=adminpassword
++ OS_PASSWORD=adminpassword
++ export OS_AUTH_URL=http://controller:5000/v3
++ OS_AUTH_URL=http://controller:5000/v3
++ export OS_IDENTITY_API_VERSION=3
++ OS_IDENTITY_API_VERSION=3
++ export OS_IMAGE_API_VERSION=2
++ OS_IMAGE_API_VERSION=2
+ openstack compute service list
+----+------------------+------------+----------+---------+-------+----------------------------+
| ID | Binary           | Host       | Zone     | Status  | State | Updated At                 |
+----+------------------+------------+----------+---------+-------+----------------------------+
|  1 | nova-consoleauth | controller | internal | enabled | up    | 2018-06-06T10:00:08.000000 |
|  2 | nova-scheduler   | controller | internal | enabled | up    | 2018-06-06T10:00:09.000000 |
|  3 | nova-conductor   | controller | internal | enabled | up    | 2018-06-06T10:00:10.000000 |
|  6 | nova-compute     | compute    | nova     | enabled | up    | 2018-06-06T10:00:14.000000 |
|  7 | nova-compute     | compute1   | nova     | enabled | up    | 2018-06-06T10:00:11.000000 |
+----+------------------+------------+----------+---------+-------+----------------------------+
+ openstack catalog list
+-----------+-----------+------------------------------------------+
| Name      | Type      | Endpoints                                |
+-----------+-----------+------------------------------------------+
| nova      | compute   | RegionOne                                |
|           |           |   admin: http://controller:8774/v2.1/    |
|           |           | RegionOne                                |
|           |           |   internal: http://controller:8774/v2.1/ |
|           |           | RegionOne                                |
|           |           |   public: http://controller:8774/v2.1/   |
|           |           |                                          |
| glance    | image     | RegionOne                                |
|           |           |   internal: http://controller:9292       |
|           |           | RegionOne                                |
|           |           |   admin: http://controller:9292          |
|           |           | RegionOne                                |
|           |           |   public: http://controller:9292         |
|           |           |                                          |
| placement | placement | RegionOne                                |
|           |           |   admin: http://controller:8778          |
|           |           | RegionOne                                |
|           |           |   public: http://controller:8778         |
|           |           | RegionOne                                |
|           |           |   internal: http://controller:8778       |
|           |           |                                          |
| keystone  | identity  | RegionOne                                |
|           |           |   public: http://controller:5000/v3/     |
|           |           | RegionOne                                |
|           |           |   internal: http://controller:5000/v3/   |
|           |           | RegionOne                                |
|           |           |   admin: http://controller:5000/v3/      |
|           |           |                                          |
+-----------+-----------+------------------------------------------+
+ openstack image list
+--------------------------------------+--------+--------+
| ID                                   | Name   | Status |
+--------------------------------------+--------+--------+
| e45c1c43-6dfe-4213-ba34-221a6e21ff80 | cirros | active |
+--------------------------------------+--------+--------+
+ sudo nova-status upgrade check
Option "os_region_name" from group "placement" is deprecated. Use option "region-name" from group "placement".
+-----------------------------------------------------+
| Upgrade Check Results                               |
+-----------------------------------------------------+
| Check: Cells v2                                     |
| Result: Success                                     |
| Details: None                                       |
+-----------------------------------------------------+
| Check: Placement API                                |
| Result: Failure                                     |
| Details: Placement service credentials do not work. |
+-----------------------------------------------------+
| Check: Resource Providers                           |
| Result: Success                                     |
| Details: None                                       |
+-----------------------------------------------------+
