+ cd /home/openstack/OPSInstaller/controller
+ pwd
/home/openstack/OPSInstaller/controller
+ echo 'Run this script as a user.'
Run this script as a user.
+ printf '\nCreate neutron endpoints...\n'

Create neutron endpoints...
+ source ./admin-openrc.sh
++ export OS_PROJECT_DOMAIN_NAME=default
++ OS_PROJECT_DOMAIN_NAME=default
++ export OS_USER_DOMAIN_NAME=default
++ OS_USER_DOMAIN_NAME=default
++ export OS_PROJECT_NAME=admin
++ OS_PROJECT_NAME=admin
++ export OS_USERNAME=admin
++ OS_USERNAME=admin
++ export OS_PASSWORD=adminpassword
++ OS_PASSWORD=adminpassword
++ export OS_AUTH_URL=http://controller:5000/v3
++ OS_AUTH_URL=http://controller:5000/v3
++ export OS_IDENTITY_API_VERSION=3
++ OS_IDENTITY_API_VERSION=3
++ export OS_IMAGE_API_VERSION=2
++ OS_IMAGE_API_VERSION=2
+ openstack user create --domain default --password NEUTRON_PASS neutron
+---------------------+----------------------------------+
| Field               | Value                            |
+---------------------+----------------------------------+
| domain_id           | default                          |
| enabled             | True                             |
| id                  | 35ab1dd9f79240e393f23aad7f06d1ab |
| name                | neutron                          |
| options             | {}                               |
| password_expires_at | None                             |
+---------------------+----------------------------------+
+ openstack role add --project service --user neutron admin
+ openstack service create --name neutron --description 'OpenStack Networking' network
+-------------+----------------------------------+
| Field       | Value                            |
+-------------+----------------------------------+
| description | OpenStack Networking             |
| enabled     | True                             |
| id          | 60c1b52d74564686bac0873d0274a98f |
| name        | neutron                          |
| type        | network                          |
+-------------+----------------------------------+
+ openstack endpoint create --region RegionOne network public http://controller:9696
+--------------+----------------------------------+
| Field        | Value                            |
+--------------+----------------------------------+
| enabled      | True                             |
| id           | 422638251178462eb024b648b4dbbda3 |
| interface    | public                           |
| region       | RegionOne                        |
| region_id    | RegionOne                        |
| service_id   | 60c1b52d74564686bac0873d0274a98f |
| service_name | neutron                          |
| service_type | network                          |
| url          | http://controller:9696           |
+--------------+----------------------------------+
+ openstack endpoint create --region RegionOne network internal http://controller:9696
+--------------+----------------------------------+
| Field        | Value                            |
+--------------+----------------------------------+
| enabled      | True                             |
| id           | 2a8933ae26194381b9e74249212447e8 |
| interface    | internal                         |
| region       | RegionOne                        |
| region_id    | RegionOne                        |
| service_id   | 60c1b52d74564686bac0873d0274a98f |
| service_name | neutron                          |
| service_type | network                          |
| url          | http://controller:9696           |
+--------------+----------------------------------+
+ openstack endpoint create --region RegionOne network admin http://controller:9696
+--------------+----------------------------------+
| Field        | Value                            |
+--------------+----------------------------------+
| enabled      | True                             |
| id           | d5c8c5de5e714a66931db8a89fc1df73 |
| interface    | admin                            |
| region       | RegionOne                        |
| region_id    | RegionOne                        |
| service_id   | 60c1b52d74564686bac0873d0274a98f |
| service_name | neutron                          |
| service_type | network                          |
| url          | http://controller:9696           |
+--------------+----------------------------------+
