+ cd /home/openstack/OPSInstaller/controller
+ pwd
/home/openstack/OPSInstaller/controller
+ echo 'Run this script as a user.'
Run this script as a user.
+ source ./admin-openrc.sh
++ export OS_PROJECT_DOMAIN_NAME=default
++ OS_PROJECT_DOMAIN_NAME=default
++ export OS_USER_DOMAIN_NAME=default
++ OS_USER_DOMAIN_NAME=default
++ export OS_PROJECT_NAME=admin
++ OS_PROJECT_NAME=admin
++ export OS_USERNAME=admin
++ OS_USERNAME=admin
++ export OS_PASSWORD=adminpassword
++ OS_PASSWORD=adminpassword
++ export OS_AUTH_URL=http://controller:5000/v3
++ OS_AUTH_URL=http://controller:5000/v3
++ export OS_IDENTITY_API_VERSION=3
++ OS_IDENTITY_API_VERSION=3
++ export OS_IMAGE_API_VERSION=2
++ OS_IMAGE_API_VERSION=2
+ echo 'openstack network create --share --provider-physical-network provider --provider-network-type flat provider1'
openstack network create --share --provider-physical-network provider --provider-network-type flat provider1
+ openstack network create --share --provider-physical-network provider --provider-network-type flat provider1
+---------------------------+--------------------------------------+
| Field                     | Value                                |
+---------------------------+--------------------------------------+
| admin_state_up            | UP                                   |
| availability_zone_hints   |                                      |
| availability_zones        |                                      |
| created_at                | 2018-06-13T11:20:18Z                 |
| description               |                                      |
| dns_domain                | None                                 |
| id                        | d2c7a52c-9c84-4de6-8dbf-16f137affcac |
| ipv4_address_scope        | None                                 |
| ipv6_address_scope        | None                                 |
| is_default                | False                                |
| is_vlan_transparent       | None                                 |
| mtu                       | 1500                                 |
| name                      | provider1                            |
| port_security_enabled     | True                                 |
| project_id                | ce3616868ec94ef6b491eaf8e99d8530     |
| provider:network_type     | flat                                 |
| provider:physical_network | provider                             |
| provider:segmentation_id  | None                                 |
| qos_policy_id             | None                                 |
| revision_number           | 2                                    |
| router:external           | Internal                             |
| segments                  | None                                 |
| shared                    | True                                 |
| status                    | ACTIVE                               |
| subnets                   |                                      |
| tags                      |                                      |
| updated_at                | 2018-06-13T11:20:18Z                 |
+---------------------------+--------------------------------------+
+ echo 'openstack subnet create --subnet-range 10.0.0.0/24 --gateway 10.0.0.1 --network provider1 --allocation-pool start=10.0.0.100,end=10.0.0.200 --dns-nameserver 8.8.4.4 provider1-v4'
openstack subnet create --subnet-range 10.0.0.0/24 --gateway 10.0.0.1 --network provider1 --allocation-pool start=10.0.0.100,end=10.0.0.200 --dns-nameserver 8.8.4.4 provider1-v4
+ openstack subnet create --subnet-range 10.0.0.0/24 --gateway 10.0.0.1 --network provider1 --allocation-pool start=10.0.0.100,end=10.0.0.200 --dns-nameserver 8.8.4.4 provider1-v4
+-------------------+--------------------------------------+
| Field             | Value                                |
+-------------------+--------------------------------------+
| allocation_pools  | 10.0.0.100-10.0.0.200                |
| cidr              | 10.0.0.0/24                          |
| created_at        | 2018-06-13T11:20:21Z                 |
| description       |                                      |
| dns_nameservers   | 8.8.4.4                              |
| enable_dhcp       | True                                 |
| gateway_ip        | 10.0.0.1                             |
| host_routes       |                                      |
| id                | 6fcb1fee-cdfc-4f02-b80a-292af3724131 |
| ip_version        | 4                                    |
| ipv6_address_mode | None                                 |
| ipv6_ra_mode      | None                                 |
| name              | provider1-v4                         |
| network_id        | d2c7a52c-9c84-4de6-8dbf-16f137affcac |
| project_id        | ce3616868ec94ef6b491eaf8e99d8530     |
| revision_number   | 0                                    |
| segment_id        | None                                 |
| service_types     |                                      |
| subnetpool_id     | None                                 |
| tags              |                                      |
| updated_at        | 2018-06-13T11:20:21Z                 |
+-------------------+--------------------------------------+
+ echo 'openstack security group rule create --proto icmp default'
openstack security group rule create --proto icmp default
+ openstack security group rule create --proto icmp default
+-------------------+--------------------------------------+
| Field             | Value                                |
+-------------------+--------------------------------------+
| created_at        | 2018-06-13T11:20:26Z                 |
| description       |                                      |
| direction         | ingress                              |
| ether_type        | IPv4                                 |
| id                | d89fa60d-9440-4ba5-b285-24dcbe5494d3 |
| name              | None                                 |
| port_range_max    | None                                 |
| port_range_min    | None                                 |
| project_id        | ce3616868ec94ef6b491eaf8e99d8530     |
| protocol          | icmp                                 |
| remote_group_id   | None                                 |
| remote_ip_prefix  | 0.0.0.0/0                            |
| revision_number   | 0                                    |
| security_group_id | c8619e42-995e-4501-b743-20d999a85762 |
| updated_at        | 2018-06-13T11:20:26Z                 |
+-------------------+--------------------------------------+
+ echo 'openstack security group rule create --proto tcp --dst-port 22 default'
openstack security group rule create --proto tcp --dst-port 22 default
+ openstack security group rule create --proto tcp --dst-port 22 default
+-------------------+--------------------------------------+
| Field             | Value                                |
+-------------------+--------------------------------------+
| created_at        | 2018-06-13T11:20:29Z                 |
| description       |                                      |
| direction         | ingress                              |
| ether_type        | IPv4                                 |
| id                | bdcd6a87-b4ec-4452-8257-df2362b97049 |
| name              | None                                 |
| port_range_max    | 22                                   |
| port_range_min    | 22                                   |
| project_id        | ce3616868ec94ef6b491eaf8e99d8530     |
| protocol          | tcp                                  |
| remote_group_id   | None                                 |
| remote_ip_prefix  | 0.0.0.0/0                            |
| revision_number   | 0                                    |
| security_group_id | c8619e42-995e-4501-b743-20d999a85762 |
| updated_at        | 2018-06-13T11:20:29Z                 |
+-------------------+--------------------------------------+
+ echo 'openstack flavor create --id 0 --vcpus 1 --ram 64 --disk 1 m1.nano'
openstack flavor create --id 0 --vcpus 1 --ram 64 --disk 1 m1.nano
+ openstack flavor create --id 0 --vcpus 1 --ram 64 --disk 1 m1.nano
+----------------------------+---------+
| Field                      | Value   |
+----------------------------+---------+
| OS-FLV-DISABLED:disabled   | False   |
| OS-FLV-EXT-DATA:ephemeral  | 0       |
| disk                       | 1       |
| id                         | 0       |
| name                       | m1.nano |
| os-flavor-access:is_public | True    |
| properties                 |         |
| ram                        | 64      |
| rxtx_factor                | 1.0     |
| swap                       |         |
| vcpus                      | 1       |
+----------------------------+---------+
+ echo 'openstack flavor create --id 1 --vcpus 1 --ram 512 --disk 1 m1.mini'
openstack flavor create --id 1 --vcpus 1 --ram 512 --disk 1 m1.mini
+ openstack flavor create --id 1 --vcpus 1 --ram 512 --disk 1 m1.mini
+----------------------------+---------+
| Field                      | Value   |
+----------------------------+---------+
| OS-FLV-DISABLED:disabled   | False   |
| OS-FLV-EXT-DATA:ephemeral  | 0       |
| disk                       | 1       |
| id                         | 1       |
| name                       | m1.mini |
| os-flavor-access:is_public | True    |
| properties                 |         |
| ram                        | 512     |
| rxtx_factor                | 1.0     |
| swap                       |         |
| vcpus                      | 1       |
+----------------------------+---------+
+ echo 'Ping 10.0.0.100'
Ping 10.0.0.100
+ ping -c 4 10.0.0.100
PING 10.0.0.100 (10.0.0.100) 56(84) bytes of data.
64 bytes from 10.0.0.100: icmp_seq=1 ttl=64 time=2.20 ms
64 bytes from 10.0.0.100: icmp_seq=2 ttl=64 time=0.916 ms
64 bytes from 10.0.0.100: icmp_seq=3 ttl=64 time=0.792 ms
64 bytes from 10.0.0.100: icmp_seq=4 ttl=64 time=0.901 ms

--- 10.0.0.100 ping statistics ---
4 packets transmitted, 4 received, 0% packet loss, time 2999ms
rtt min/avg/max/mdev = 0.792/1.203/2.204/0.580 ms
+ echo 'openstack network set --external provider1'
openstack network set --external provider1
+ openstack network set --external provider1
+ echo 'openstack network create selfservice1'
openstack network create selfservice1
+ openstack network create selfservice1
+---------------------------+--------------------------------------+
| Field                     | Value                                |
+---------------------------+--------------------------------------+
| admin_state_up            | UP                                   |
| availability_zone_hints   |                                      |
| availability_zones        |                                      |
| created_at                | 2018-06-13T11:20:46Z                 |
| description               |                                      |
| dns_domain                | None                                 |
| id                        | 02640c4a-6ba6-4ac1-9a86-292ccfd5dcc0 |
| ipv4_address_scope        | None                                 |
| ipv6_address_scope        | None                                 |
| is_default                | False                                |
| is_vlan_transparent       | None                                 |
| mtu                       | 1450                                 |
| name                      | selfservice1                         |
| port_security_enabled     | True                                 |
| project_id                | ce3616868ec94ef6b491eaf8e99d8530     |
| provider:network_type     | vxlan                                |
| provider:physical_network | None                                 |
| provider:segmentation_id  | 29                                   |
| qos_policy_id             | None                                 |
| revision_number           | 2                                    |
| router:external           | Internal                             |
| segments                  | None                                 |
| shared                    | False                                |
| status                    | ACTIVE                               |
| subnets                   |                                      |
| tags                      |                                      |
| updated_at                | 2018-06-13T11:20:47Z                 |
+---------------------------+--------------------------------------+
+ echo 'openstack subnet create --subnet-range 192.0.2.0/24 --network selfservice1 --dns-nameserver 8.8.4.4 selfservice1-v4'
openstack subnet create --subnet-range 192.0.2.0/24 --network selfservice1 --dns-nameserver 8.8.4.4 selfservice1-v4
+ openstack subnet create --subnet-range 192.0.2.0/24 --network selfservice1 --dns-nameserver 8.8.4.4 selfservice1-v4
+-------------------+--------------------------------------+
| Field             | Value                                |
+-------------------+--------------------------------------+
| allocation_pools  | 192.0.2.2-192.0.2.254                |
| cidr              | 192.0.2.0/24                         |
| created_at        | 2018-06-13T11:20:51Z                 |
| description       |                                      |
| dns_nameservers   | 8.8.4.4                              |
| enable_dhcp       | True                                 |
| gateway_ip        | 192.0.2.1                            |
| host_routes       |                                      |
| id                | e6750f3c-f5ae-4fb1-80dd-30d1f999968c |
| ip_version        | 4                                    |
| ipv6_address_mode | None                                 |
| ipv6_ra_mode      | None                                 |
| name              | selfservice1-v4                      |
| network_id        | 02640c4a-6ba6-4ac1-9a86-292ccfd5dcc0 |
| project_id        | ce3616868ec94ef6b491eaf8e99d8530     |
| revision_number   | 0                                    |
| segment_id        | None                                 |
| service_types     |                                      |
| subnetpool_id     | None                                 |
| tags              |                                      |
| updated_at        | 2018-06-13T11:20:51Z                 |
+-------------------+--------------------------------------+
+ echo 'openstack router create router1'
openstack router create router1
+ openstack router create router1
+-------------------------+--------------------------------------+
| Field                   | Value                                |
+-------------------------+--------------------------------------+
| admin_state_up          | UP                                   |
| availability_zone_hints |                                      |
| availability_zones      |                                      |
| created_at              | 2018-06-13T11:20:55Z                 |
| description             |                                      |
| distributed             | True                                 |
| external_gateway_info   | None                                 |
| flavor_id               | None                                 |
| ha                      | False                                |
| id                      | cc3d4471-75ee-4793-9390-c54f6e9cc658 |
| name                    | router1                              |
| project_id              | ce3616868ec94ef6b491eaf8e99d8530     |
| revision_number         | 0                                    |
| routes                  |                                      |
| status                  | ACTIVE                               |
| tags                    |                                      |
| updated_at              | 2018-06-13T11:20:55Z                 |
+-------------------------+--------------------------------------+
+ echo 'openstack router add subnet router1 selfservice1-v4'
openstack router add subnet router1 selfservice1-v4
+ openstack router add subnet router1 selfservice1-v4
+ echo 'openstack router set router1 --external-gateway provider1'
openstack router set router1 --external-gateway provider1
+ openstack router set router1 --external-gateway provider1
+ echo 'openstack floating ip create provider1'
openstack floating ip create provider1
+ openstack floating ip create provider1
+---------------------+--------------------------------------+
| Field               | Value                                |
+---------------------+--------------------------------------+
| created_at          | 2018-06-13T11:21:12Z                 |
| description         |                                      |
| fixed_ip_address    | None                                 |
| floating_ip_address | 10.0.0.105                           |
| floating_network_id | d2c7a52c-9c84-4de6-8dbf-16f137affcac |
| id                  | 4bff3aaf-9f96-4a39-9ab2-d69498467c86 |
| name                | 10.0.0.105                           |
| port_id             | None                                 |
| project_id          | ce3616868ec94ef6b491eaf8e99d8530     |
| qos_policy_id       | None                                 |
| revision_number     | 0                                    |
| router_id           | None                                 |
| status              | DOWN                                 |
| subnet_id           | None                                 |
| updated_at          | 2018-06-13T11:21:12Z                 |
+---------------------+--------------------------------------+
