+ cd /home/openstack/OPSInstaller/controller
+ pwd
/home/openstack/OPSInstaller/controller
+ echo 'Run this script as a user.'
Run this script as a user.
+ source ./admin-openrc.sh
++ export OS_PROJECT_DOMAIN_NAME=default
++ OS_PROJECT_DOMAIN_NAME=default
++ export OS_USER_DOMAIN_NAME=default
++ OS_USER_DOMAIN_NAME=default
++ export OS_PROJECT_NAME=admin
++ OS_PROJECT_NAME=admin
++ export OS_USERNAME=admin
++ OS_USERNAME=admin
++ export OS_PASSWORD=adminpassword
++ OS_PASSWORD=adminpassword
++ export OS_AUTH_URL=http://controller:5000/v3
++ OS_AUTH_URL=http://controller:5000/v3
++ export OS_IDENTITY_API_VERSION=3
++ OS_IDENTITY_API_VERSION=3
++ export OS_IMAGE_API_VERSION=2
++ OS_IMAGE_API_VERSION=2
+ openstack extension list --network
+----------------------------------------------------------------------------------------------+---------------------------+----------------------------------------------------------------------------------------------------------------------------------------------------------+
| Name                                                                                         | Alias                     | Description                                                                                                                                              |
+----------------------------------------------------------------------------------------------+---------------------------+----------------------------------------------------------------------------------------------------------------------------------------------------------+
| Default Subnetpools                                                                          | default-subnetpools       | Provides ability to mark and use a subnetpool as the default.                                                                                            |
| Availability Zone                                                                            | availability_zone         | The availability zone extension.                                                                                                                         |
| Network Availability Zone                                                                    | network_availability_zone | Availability zone support for network.                                                                                                                   |
| Auto Allocated Topology Services                                                             | auto-allocated-topology   | Auto Allocated Topology Services.                                                                                                                        |
| Neutron L3 Configurable external gateway mode                                                | ext-gw-mode               | Extension of the router abstraction for specifying whether SNAT should occur on the external gateway                                                     |
| Port Binding                                                                                 | binding                   | Expose port bindings of a virtual port to external application                                                                                           |
| agent                                                                                        | agent                     | The agent management extension.                                                                                                                          |
| Subnet Allocation                                                                            | subnet_allocation         | Enables allocation of subnets from a subnet pool                                                                                                         |
| L3 Agent Scheduler                                                                           | l3_agent_scheduler        | Schedule routers among l3 agents                                                                                                                         |
| Tag support                                                                                  | tag                       | Enables to set tag on resources.                                                                                                                         |
| Neutron external network                                                                     | external-net              | Adds external network attribute to network resource.                                                                                                     |
| Tag support for resources with standard attribute: trunk, policy, security_group, floatingip | standard-attr-tag         | Enables to set tag on resources with standard attribute.                                                                                                 |
| Neutron Service Flavors                                                                      | flavors                   | Flavor specification for Neutron advanced services.                                                                                                      |
| Network MTU                                                                                  | net-mtu                   | Provides MTU attribute for a network resource.                                                                                                           |
| Network IP Availability                                                                      | network-ip-availability   | Provides IP availability data for each network and subnet.                                                                                               |
| Quota management support                                                                     | quotas                    | Expose functions for quotas management per tenant                                                                                                        |
| If-Match constraints based on revision_number                                                | revision-if-match         | Extension indicating that If-Match based on revision_number is supported.                                                                                |
| HA Router extension                                                                          | l3-ha                     | Adds HA capability to routers.                                                                                                                           |
| Provider Network                                                                             | provider                  | Expose mapping of virtual networks to physical networks                                                                                                  |
| Multi Provider Network                                                                       | multi-provider            | Expose mapping of virtual networks to multiple physical networks                                                                                         |
| Quota details management support                                                             | quota_details             | Expose functions for quotas usage statistics per project                                                                                                 |
| Address scope                                                                                | address-scope             | Address scopes extension.                                                                                                                                |
| Neutron Extra Route                                                                          | extraroute                | Extra routes configuration for L3 router                                                                                                                 |
| Network MTU (writable)                                                                       | net-mtu-writable          | Provides a writable MTU attribute for a network resource.                                                                                                |
| Subnet service types                                                                         | subnet-service-types      | Provides ability to set the subnet service_types field                                                                                                   |
| Resource timestamps                                                                          | standard-attr-timestamp   | Adds created_at and updated_at fields to all Neutron resources that have Neutron standard attributes.                                                    |
| Neutron Service Type Management                                                              | service-type              | API for retrieving service providers for Neutron advanced services                                                                                       |
| Router Flavor Extension                                                                      | l3-flavors                | Flavor support for routers.                                                                                                                              |
| Port Security                                                                                | port-security             | Provides port security                                                                                                                                   |
| Neutron Extra DHCP options                                                                   | extra_dhcp_opt            | Extra options configuration for DHCP. For example PXE boot options to DHCP clients can be specified (e.g. tftp-server, server-ip-address, bootfile-name) |
| Resource revision numbers                                                                    | standard-attr-revisions   | This extension will display the revision number of neutron resources.                                                                                    |
| Pagination support                                                                           | pagination                | Extension that indicates that pagination is enabled.                                                                                                     |
| Sorting support                                                                              | sorting                   | Extension that indicates that sorting is enabled.                                                                                                        |
| security-group                                                                               | security-group            | The security groups extension.                                                                                                                           |
| DHCP Agent Scheduler                                                                         | dhcp_agent_scheduler      | Schedule networks among dhcp agents                                                                                                                      |
| Router Availability Zone                                                                     | router_availability_zone  | Availability zone support for router.                                                                                                                    |
| RBAC Policies                                                                                | rbac-policies             | Allows creation and modification of policies that control tenant access to resources.                                                                    |
| Tag support for resources: subnet, subnetpool, port, router                                  | tag-ext                   | Extends tag support to more L2 and L3 resources.                                                                                                         |
| standard-attr-description                                                                    | standard-attr-description | Extension to add descriptions to standard attributes                                                                                                     |
| IP address substring filtering                                                               | ip-substring-filtering    | Provides IP address substring filtering when listing ports                                                                                               |
| Neutron L3 Router                                                                            | router                    | Router abstraction for basic L3 forwarding between L2 Neutron networks and access to external networks via a NAT gateway.                                |
| Allowed Address Pairs                                                                        | allowed-address-pairs     | Provides allowed address pairs                                                                                                                           |
| project_id field enabled                                                                     | project-id                | Extension that indicates that project_id field is enabled.                                                                                               |
| Distributed Virtual Router                                                                   | dvr                       | Enables configuration of Distributed Virtual Routers.                                                                                                    |
+----------------------------------------------------------------------------------------------+---------------------------+----------------------------------------------------------------------------------------------------------------------------------------------------------+
+ openstack compute service list
+----+------------------+-------------+----------+---------+-------+----------------------------+
| ID | Binary           | Host        | Zone     | Status  | State | Updated At                 |
+----+------------------+-------------+----------+---------+-------+----------------------------+
|  1 | nova-scheduler   | controller  | internal | enabled | up    | 2018-06-16T04:47:35.000000 |
|  2 | nova-consoleauth | controller  | internal | enabled | up    | 2018-06-16T04:47:29.000000 |
|  3 | nova-conductor   | controller  | internal | enabled | up    | 2018-06-16T04:47:30.000000 |
|  7 | nova-compute     | compute     | nova     | enabled | up    | 2018-06-16T04:47:31.000000 |
|  8 | nova-compute     | compute1    | nova     | enabled | up    | 2018-06-16T04:47:29.000000 |
|  9 | nova-compute     | compute-2-1 | nova     | enabled | up    | 2018-06-16T04:47:36.000000 |
+----+------------------+-------------+----------+---------+-------+----------------------------+
+ openstack network agent list
+--------------------------------------+--------------------+-------------+-------------------+-------+-------+---------------------------+
| ID                                   | Agent Type         | Host        | Availability Zone | Alive | State | Binary                    |
+--------------------------------------+--------------------+-------------+-------------------+-------+-------+---------------------------+
| 04e0326c-494f-4f37-9848-d3e2ad3daf31 | DHCP agent         | compute-2-1 | nova              | :-)   | UP    | neutron-dhcp-agent        |
| 0df294c0-b4bc-4d3f-a05a-35c2e1700eda | Open vSwitch agent | compute-2-1 | None              | :-)   | UP    | neutron-openvswitch-agent |
| 0ee141ee-939e-4a1b-8a0c-6a9abc727d31 | L3 agent           | compute1    | nova              | :-)   | UP    | neutron-l3-agent          |
| 165d635f-8daf-4cd4-ae10-25fa70bf9048 | Metadata agent     | compute     | None              | :-)   | UP    | neutron-metadata-agent    |
| 179399e3-80a8-4cbb-85a0-d49a9574b64e | L3 agent           | compute     | nova              | :-)   | UP    | neutron-l3-agent          |
| 187e9ea2-9fc4-4147-9ad3-75aa1868dbd8 | Metadata agent     | compute-2-1 | None              | :-)   | UP    | neutron-metadata-agent    |
| 196f111e-dd92-4a55-a94c-85d22f6af2a6 | L3 agent           | network     | nova              | :-)   | UP    | neutron-l3-agent          |
| 2121c8d1-4f54-4568-838a-91f13894f366 | Open vSwitch agent | compute1    | None              | :-)   | UP    | neutron-openvswitch-agent |
| 4e9c6f13-0182-4c94-bf3e-19fc43a68e22 | Open vSwitch agent | compute     | None              | :-)   | UP    | neutron-openvswitch-agent |
| 5460a660-dd90-47c7-8751-c256ae01c50f | DHCP agent         | compute1    | nova              | :-)   | UP    | neutron-dhcp-agent        |
| 5c422e58-e5cf-41e5-aea1-2f12695161cd | L3 agent           | compute-2-1 | nova              | :-)   | UP    | neutron-l3-agent          |
| 9c930864-52d4-4e18-a873-a2889584e3e4 | Open vSwitch agent | network     | None              | :-)   | UP    | neutron-openvswitch-agent |
| adf02c5e-1ab3-476b-9acc-4e85baf7efcf | DHCP agent         | compute     | nova              | :-)   | UP    | neutron-dhcp-agent        |
| ca2babe5-9d4a-4daf-b544-60e0efcaccaa | Metadata agent     | compute1    | None              | :-)   | UP    | neutron-metadata-agent    |
+--------------------------------------+--------------------+-------------+-------------------+-------+-------+---------------------------+
